build/app/outputs/mapping/release/mapping.txt
# compiler: R8
# compiler_version: 1.5.64
# min_api: 16
# pg_map_id: d692ea8
com.papababu.advaith.e_cyber_mission3.MainActivity -> com.papababu.advaith.e_cyber_mission3.MainActivity:
    void configureFlutterEngine(io.flutter.embedding.engine.FlutterEngine) -> a
...
io.flutter.embedding.android.FlutterTextureView -> b.a.b.a.k:
    android.view.TextureView$SurfaceTextureListener surfaceTextureListener -> d
    io.flutter.embedding.engine.renderer.FlutterRenderer flutterRenderer -> c
    boolean isSurfaceAvailableForRendering -> a
    boolean isAttachedToFlutterRenderer -> b
    boolean access$002(io.flutter.embedding.android.FlutterTextureView,boolean) -> a
    boolean access$100(io.flutter.embedding.android.FlutterTextureView) -> a
    void access$300(io.flutter.embedding.android.FlutterTextureView,int,int) -> a
    void attachToRenderer(io.flutter.embedding.engine.renderer.FlutterRenderer) -> a
    void changeSurfaceSize(int,int) -> a
    void detachFromRenderer() -> a
    void access$200(io.flutter.embedding.android.FlutterTextureView) -> b
    void connectSurfaceToRenderer() -> b
    void access$400(io.flutter.embedding.android.FlutterTextureView) -> c
    void disconnectSurfaceFromRenderer() -> c
    void init() -> d
io.flutter.embedding.android.FlutterTextureView$1 -> b.a.b.a.k$a:
    io.flutter.embedding.android.FlutterTextureView this$0 -> a
io.flutter.embedding.android.FlutterView -> b.a.b.a.l:
    io.flutter.embedding.android.FlutterView$TransparencyMode transparencyMode -> b
    io.flutter.embedding.engine.FlutterEngine flutterEngine -> f
    io.flutter.plugin.editing.TextInputPlugin textInputPlugin -> h
    io.flutter.embedding.android.FlutterView$RenderMode renderMode -> a
    io.flutter.embedding.engine.renderer.FlutterRenderer$ViewportMetrics viewportMetrics -> l
    java.util.Set flutterEngineAttachmentListeners -> g
    io.flutter.view.AccessibilityBridge accessibilityBridge -> k
    io.flutter.embedding.engine.renderer.RenderSurface renderSurface -> c
    io.flutter.embedding.android.AndroidKeyProcessor androidKeyProcessor -> i
    io.flutter.embedding.engine.renderer.FlutterUiDisplayListener flutterUiDisplayListener -> n
    java.util.Set flutterUiDisplayListeners -> d
    boolean isFlutterUiDisplayed -> e
    io.flutter.view.AccessibilityBridge$OnAccessibilityChangeListener onAccessibilityChangeListener -> m
    io.flutter.embedding.android.AndroidTouchProcessor androidTouchProcessor -> j
    void access$000(io.flutter.embedding.android.FlutterView,boolean,boolean) -> a
    boolean access$102(io.flutter.embedding.android.FlutterView,boolean) -> a
    java.util.Set access$200(io.flutter.embedding.android.FlutterView) -> a
    void addFlutterEngineAttachmentListener(io.flutter.embedding.android.FlutterView$FlutterEngineAttachmentListener) -> a
io.flutter.embedding.android.FlutterView$1 -> b.a.b.a.l$a:
    io.flutter.embedding.android.FlutterView this$0 -> a
    void onAccessibilityChanged(boolean,boolean) -> a
io.flutter.embedding.android.FlutterView$2 -> b.a.b.a.l$b:
    io.flutter.embedding.android.FlutterView this$0 -> a
    void onFlutterUiDisplayed() -> a
    void onFlutterUiNoLongerDisplayed() -> b
io.flutter.embedding.android.FlutterView$3 -> b.a.b.a.l$c:
    int[] $SwitchMap$io$flutter$embedding$android$FlutterView$RenderMode -> a
io.flutter.embedding.android.FlutterView$FlutterEngineAttachmentListener -> b.a.b.a.l$d:
    void onFlutterEngineAttachedToFlutterView(io.flutter.embedding.engine.FlutterEngine) -> a
    void onFlutterEngineDetachedFromFlutterView() -> a
io.flutter.embedding.android.FlutterView$RenderMode -> b.a.b.a.l$e:
    io.flutter.embedding.android.FlutterView$RenderMode[] $VALUES -> c
    io.flutter.embedding.android.FlutterView$RenderMode surface -> a
    io.flutter.embedding.android.FlutterView$RenderMode texture -> b
io.flutter.embedding.android.FlutterView$TransparencyMode -> b.a.b.a.l$f:
    io.flutter.embedding.android.FlutterView$TransparencyMode[] $VALUES -> c
    io.flutter.embedding.android.FlutterView$TransparencyMode opaque -> a
    io.flutter.embedding.android.FlutterView$TransparencyMode transparent -> b